Using pre-set license
Built from '2022.3/release' branch; Version is '2022.3.5f1 (9674261d40ee) revision 9860134'; Using compiler version '192829333'; Build Type 'Release'
OS: 'Windows 11  (10.0.22621) 64bit CoreCountrySpecific' Language: 'zh' Physical Memory: 16108 MB
BatchMode: 1, IsHumanControllingUs: 0, StartBugReporterOnCrash: 0, Is64bit: 1, IsPro: 1

COMMAND LINE ARGUMENTS:
C:\Program Files\Unity\Hub\Editor\2022.3.5f1\Editor\Unity.exe
-adb2
-batchMode
-noUpm
-name
AssetImportWorker1
-projectPath
D:/try
-logFile
Logs/AssetImportWorker1.log
-srvPort
51229
Successfully changed project path to: D:/try
D:/try
[UnityMemory] Configuration Parameters - Can be set up in boot.config
    "memorysetup-bucket-allocator-granularity=16"
    "memorysetup-bucket-allocator-bucket-count=8"
    "memorysetup-bucket-allocator-block-size=33554432"
    "memorysetup-bucket-allocator-block-count=8"
    "memorysetup-main-allocator-block-size=16777216"
    "memorysetup-thread-allocator-block-size=16777216"
    "memorysetup-gfx-main-allocator-block-size=16777216"
    "memorysetup-gfx-thread-allocator-block-size=16777216"
    "memorysetup-cache-allocator-block-size=4194304"
    "memorysetup-typetree-allocator-block-size=2097152"
    "memorysetup-profiler-bucket-allocator-granularity=16"
    "memorysetup-profiler-bucket-allocator-bucket-count=8"
    "memorysetup-profiler-bucket-allocator-block-size=33554432"
    "memorysetup-profiler-bucket-allocator-block-count=8"
    "memorysetup-profiler-allocator-block-size=16777216"
    "memorysetup-profiler-editor-allocator-block-size=1048576"
    "memorysetup-temp-allocator-size-main=16777216"
    "memorysetup-job-temp-allocator-block-size=2097152"
    "memorysetup-job-temp-allocator-block-size-background=1048576"
    "memorysetup-job-temp-allocator-reduction-small-platforms=262144"
    "memorysetup-allocator-temp-initial-block-size-main=262144"
    "memorysetup-allocator-temp-initial-block-size-worker=262144"
    "memorysetup-temp-allocator-size-background-worker=32768"
    "memorysetup-temp-allocator-size-job-worker=262144"
    "memorysetup-temp-allocator-size-preload-manager=33554432"
    "memorysetup-temp-allocator-size-nav-mesh-worker=65536"
    "memorysetup-temp-allocator-size-audio-worker=65536"
    "memorysetup-temp-allocator-size-cloud-worker=32768"
    "memorysetup-temp-allocator-size-gi-baking-worker=262144"
    "memorysetup-temp-allocator-size-gfx=262144"
Player connection [22744] Host "[IP] 192.168.1.107 [Port] 0 [Flags] 2 [Guid] 3206976368 [EditorId] 3206976368 [Version] 1048832 [Id] WindowsEditor(7,XYX) [Debug] 1 [PackageName] WindowsEditor [ProjectName] Editor" joined multi-casting on [225.0.0.222:54997]...

Player connection [22744] Host "[IP] 192.168.1.107 [Port] 0 [Flags] 2 [Guid] 3206976368 [EditorId] 3206976368 [Version] 1048832 [Id] WindowsEditor(7,XYX) [Debug] 1 [PackageName] WindowsEditor [ProjectName] Editor" joined alternative multi-casting on [225.0.0.222:34997]...

Refreshing native plugins compatible for Editor in 19.66 ms, found 23 plugins.
Preloading 1 native plugins for Editor in 2.06 ms.
Initialize engine version: 2022.3.5f1 (9674261d40ee)
[Subsystems] Discovering subsystems at path C:/Program Files/Unity/Hub/Editor/2022.3.5f1/Editor/Data/Resources/UnitySubsystems
[Subsystems] Discovering subsystems at path D:/try/Assets
GfxDevice: creating device client; threaded=0; jobified=0
Direct3D:
    Version:  Direct3D 11.0 [level 11.1]
    Renderer: NVIDIA GeForce RTX 3060 Laptop GPU (ID=0x2560)
    Vendor:   NVIDIA
    VRAM:     6009 MB
    Driver:   31.0.15.2799
Initialize mono
Mono path[0] = 'C:/Program Files/Unity/Hub/Editor/2022.3.5f1/Editor/Data/Managed'
Mono path[1] = 'C:/Program Files/Unity/Hub/Editor/2022.3.5f1/Editor/Data/MonoBleedingEdge/lib/mono/unityjit-win32'
Mono config path = 'C:/Program Files/Unity/Hub/Editor/2022.3.5f1/Editor/Data/MonoBleedingEdge/etc'
Using monoOptions --debugger-agent=transport=dt_socket,embedding=1,server=y,suspend=n,address=127.0.0.1:56652
Begin MonoManager ReloadAssembly
Registering precompiled unity dll's ...
Register platform support module: C:/Program Files/Unity/Hub/Editor/2022.3.5f1/Editor/Data/PlaybackEngines/WebGLSupport/UnityEditor.WebGL.Extensions.dll
Register platform support module: C:/Program Files/Unity/Hub/Editor/2022.3.5f1/Editor/Data/PlaybackEngines/AndroidPlayer/UnityEditor.Android.Extensions.dll
Register platform support module: C:/Program Files/Unity/Hub/Editor/2022.3.5f1/Editor/Data/PlaybackEngines/WindowsStandaloneSupport/UnityEditor.WindowsStandalone.Extensions.dll
Registered in 0.017966 seconds.
- Loaded All Assemblies, in  0.340 seconds
Native extension for WindowsStandalone target not found
Native extension for Android target not found
Android Extension - Scanning For ADB Devices 225 ms
Native extension for WebGL target not found
Mono: successfully reloaded assembly
- Finished resetting the current domain, in  0.487 seconds
Domain Reload Profiling: 824ms
	BeginReloadAssembly (101ms)
		ExecutionOrderSort (0ms)
		DisableScriptedObjects (0ms)
		BackupInstance (0ms)
		ReleaseScriptingObjects (0ms)
		CreateAndSetChildDomain (0ms)
	RebuildCommonClasses (25ms)
	RebuildNativeTypeToScriptingClass (7ms)
	initialDomainReloadingComplete (65ms)
	LoadAllAssembliesAndSetupDomain (139ms)
		LoadAssemblies (98ms)
		RebuildTransferFunctionScriptingTraits (0ms)
		AnalyzeDomain (127ms)
			TypeCache.Refresh (127ms)
				TypeCache.ScanAssembly (116ms)
			ScanForSourceGeneratedMonoScriptInfo (0ms)
			ResolveRequiredComponents (0ms)
	FinalizeReload (487ms)
		ReleaseScriptCaches (0ms)
		RebuildScriptCaches (0ms)
		SetupLoadedEditorAssemblies (444ms)
			LogAssemblyErrors (0ms)
			InitializePlatformSupportModulesInManaged (333ms)
			SetLoadedEditorAssemblies (3ms)
			RefreshPlugins (0ms)
			BeforeProcessingInitializeOnLoad (2ms)
			ProcessInitializeOnLoadAttributes (69ms)
			ProcessInitializeOnLoadMethodAttributes (36ms)
			AfterProcessingInitializeOnLoad (0ms)
			EditorAssembliesLoaded (0ms)
		ExecutionOrderSort2 (0ms)
		AwakeInstancesAfterBackupRestoration (0ms)
========================================================================
Worker process is ready to serve import requests
Begin MonoManager ReloadAssembly
Symbol file LoadedFromMemory doesn't match image D:\try\Library\PackageCache\com.unity.visualscripting@1.8.0\Editor\VisualScripting.Core\Dependencies\YamlDotNet\Unity.VisualScripting.YamlDotNet.dll
Symbol file LoadedFromMemory doesn't match image D:\try\Library\PackageCache\com.unity.visualscripting@1.8.0\Editor\VisualScripting.Core\Dependencies\DotNetZip\Unity.VisualScripting.IonicZip.dll
- Loaded All Assemblies, in  0.688 seconds
Refreshing native plugins compatible for Editor in 12.75 ms, found 23 plugins.
Native extension for WindowsStandalone target not found
Native extension for Android target not found
Native extension for WebGL target not found
Package Manager log level set to [2]
[Package Manager] Server::EnsureServerProcessIsRunning -- launch failed, reason: Unity was launched with the -noUpm command-line argument
[Package Manager] UpmClient::Send -- Unable to send message (not connected to UPM process).
[Package Manager] Cannot connect to Unity Package Manager local server
PXRLog [Build Check]RegisterBuildPlayerHandler,Already Do not show: False
UnityEngine.StackTraceUtility:ExtractStackTrace ()
UnityEngine.DebugLogHandler:LogFormat (UnityEngine.LogType,UnityEngine.Object,string,object[])
UnityEngine.Logger:Log (UnityEngine.LogType,object)
UnityEngine.Debug:Log (object)
Unity.XR.PXR.Editor.PXR_SDKBuildCheck:.cctor () (at C:/Users/Yingxin/Desktop/PICO Unity Integration SDK 230/Editor/PXR_SDKBuildCheck.cs:30)
System.Runtime.CompilerServices.RuntimeHelpers:RunClassConstructor (System.RuntimeTypeHandle)
UnityEditor.EditorAssemblies:ProcessInitializeOnLoadAttributes (System.Type[])

(Filename: C:/Users/Yingxin/Desktop/PICO Unity Integration SDK 230/Editor/PXR_SDKBuildCheck.cs Line: 30)

Mono: successfully reloaded assembly
[Package Manager] Server::EnsureServerProcessIsRunning -- launch failed, reason: Unity was launched with the -noUpm command-line argument
[Package Manager] UpmClient::Send -- Unable to send message (not connected to UPM process).
[Package Manager] Cannot connect to Unity Package Manager local server
[Package Manager] Server::EnsureServerProcessIsRunning -- launch failed, reason: Unity was launched with the -noUpm command-line argument
[Package Manager] UpmClient::Send -- Unable to send message (not connected to UPM process).
[Package Manager] Cannot connect to Unity Package Manager local server
- Finished resetting the current domain, in  0.504 seconds
Domain Reload Profiling: 1189ms
	BeginReloadAssembly (119ms)
		ExecutionOrderSort (0ms)
		DisableScriptedObjects (4ms)
		BackupInstance (0ms)
		ReleaseScriptingObjects (0ms)
		CreateAndSetChildDomain (16ms)
	RebuildCommonClasses (25ms)
	RebuildNativeTypeToScriptingClass (7ms)
	initialDomainReloadingComplete (39ms)
	LoadAllAssembliesAndSetupDomain (494ms)
		LoadAssemblies (300ms)
		RebuildTransferFunctionScriptingTraits (0ms)
		AnalyzeDomain (253ms)
			TypeCache.Refresh (233ms)
				TypeCache.ScanAssembly (222ms)
			ScanForSourceGeneratedMonoScriptInfo (16ms)
			ResolveRequiredComponents (4ms)
	FinalizeReload (505ms)
		ReleaseScriptCaches (0ms)
		RebuildScriptCaches (0ms)
		SetupLoadedEditorAssemblies (370ms)
			LogAssemblyErrors (0ms)
			InitializePlatformSupportModulesInManaged (25ms)
			SetLoadedEditorAssemblies (4ms)
			RefreshPlugins (0ms)
			BeforeProcessingInitializeOnLoad (60ms)
			ProcessInitializeOnLoadAttributes (220ms)
			ProcessInitializeOnLoadMethodAttributes (45ms)
			AfterProcessingInitializeOnLoad (16ms)
			EditorAssembliesLoaded (0ms)
		ExecutionOrderSort2 (0ms)
		AwakeInstancesAfterBackupRestoration (7ms)
Launched and connected shader compiler UnityShaderCompiler.exe after 0.03 seconds
Refreshing native plugins compatible for Editor in 12.29 ms, found 23 plugins.
Preloading 1 native plugins for Editor in 0.07 ms.
Unloading 4617 Unused Serialized files (Serialized files now loaded: 0)
Unloading 99 unused Assets / (88.8 KB). Loaded Objects now: 5105.
Memory consumption went from 253.7 MB to 253.6 MB.
Total: 2.770900 ms (FindLiveObjects: 0.243000 ms CreateObjectMapping: 0.127400 ms MarkObjects: 2.209600 ms  DeleteObjects: 0.189900 ms)

AssetImportParameters requested are different than current active one (requested -> active):
  custom:container-demuxer-ogg: 62fdf1f143b41e24485cea50d1cbac27 -> 
  custom:video-codec-MediaFoundation-h265: 746d11721c4dcdbdad8f713fa42b33f4 -> 
  custom:video-decoder-ogg-theora: a1e56fd34408186e4bbccfd4996cb3dc -> 
  custom:framework-win-MediaFoundation: 216162199b28c13a410421893ffa2e32 -> 
  custom:CustomObjectIndexerAttribute: 756ad292c208cfabdd7b50bc23989ffe -> 
  custom:container-demuxer-webm: 4f35f7cbe854078d1ac9338744f61a02 -> 
  custom:container-muxer-webm: aa71ff27fc2769a1b78a27578f13a17b -> 
  custom:video-decoder-webm-vp8: 9c59270c3fd7afecdb556c50c9e8de78 -> 
  custom:AudioImporter_EditorPlatform: d09bf68614088b80899f8185d706f6e7 -> 
  custom:video-encoder-webm-vp8: eb34c28f22e8b96e1ab97ce403110664 -> 
  custom:audio-decoder-ogg-vorbis: bf7c407c2cedff20999df2af8eb42d56 -> 
  custom:audio-encoder-webm-vorbis: bf7c407c2cedff20999df2af8eb42d56 -> 
========================================================================
Received Import Request.
  Time since last request: 324821.115136 seconds.
  path: Assets/Models/Afghanistan/Origin/Models/Materials/Stones1.mat
  artifactKey: Guid(adf06c81a92103842b52b521bedfdffb) Importer(815301076,1909f56bfc062723c751e8b465ee728b)
Start importing Assets/Models/Afghanistan/Origin/Models/Materials/Stones1.mat using Guid(adf06c81a92103842b52b521bedfdffb) Importer(815301076,1909f56bfc062723c751e8b465ee728b)  -> (artifact id: '575d15af1d0ce904183f1d9c444790e6') in 0.091992 seconds
Number of updated asset objects reloaded before import = 0
Number of asset objects unloaded after import = 2
========================================================================
Received Import Request.
  Time since last request: 0.000025 seconds.
  path: Assets/Models/Apocalyptic_World/Art/StaticMesh/Signs/SM_Props_Sign_RighTurn.FBX
  artifactKey: Guid(62b8af534a7a9ce4cbb29a01ed9484b0) Importer(815301076,1909f56bfc062723c751e8b465ee728b)
Start importing Assets/Models/Apocalyptic_World/Art/StaticMesh/Signs/SM_Props_Sign_RighTurn.FBX using Guid(62b8af534a7a9ce4cbb29a01ed9484b0) Importer(815301076,1909f56bfc062723c751e8b465ee728b)  -> (artifact id: '934b92674dc21abfb6c4e224fb7bb023') in 0.082439 seconds
Number of updated asset objects reloaded before import = 0
Number of asset objects unloaded after import = 10
========================================================================
Received Import Request.
  Time since last request: 0.000017 seconds.
  path: Assets/Models/Apocalyptic_World/Art/StaticMesh/Signs/SM_Shop_Sign_0.FBX
  artifactKey: Guid(b0cb08c8d1bdc204db90a7ea2411475e) Importer(815301076,1909f56bfc062723c751e8b465ee728b)
Start importing Assets/Models/Apocalyptic_World/Art/StaticMesh/Signs/SM_Shop_Sign_0.FBX using Guid(b0cb08c8d1bdc204db90a7ea2411475e) Importer(815301076,1909f56bfc062723c751e8b465ee728b)  -> (artifact id: '3f354d8a8d9e536996e2d10ea838f623') in 0.031612 seconds
Number of updated asset objects reloaded before import = 0
Number of asset objects unloaded after import = 10
========================================================================
Received Import Request.
  Time since last request: 3.567765 seconds.
  path: Assets/Hands/VR Hands FP Arms/Materials/Dynamic/vr_female_hand_color_var_01_dirt.mat
  artifactKey: Guid(36a37d6d58012cd4285e89547b4e99e5) Importer(815301076,1909f56bfc062723c751e8b465ee728b)
Start importing Assets/Hands/VR Hands FP Arms/Materials/Dynamic/vr_female_hand_color_var_01_dirt.mat using Guid(36a37d6d58012cd4285e89547b4e99e5) Importer(815301076,1909f56bfc062723c751e8b465ee728b)  -> (artifact id: '3028f74cb1c9e697567333e1b36d92a3') in 0.984296 seconds
Number of updated asset objects reloaded before import = 0
Number of asset objects unloaded after import = 7
========================================================================
Received Import Request.
  Time since last request: 0.000052 seconds.
  path: Assets/Hands/VR Hands FP Arms/Materials/Normal/vr_female_hand_color_var_03.mat
  artifactKey: Guid(73a5d575bec22f94e9b717c892ad44c5) Importer(815301076,1909f56bfc062723c751e8b465ee728b)
Start importing Assets/Hands/VR Hands FP Arms/Materials/Normal/vr_female_hand_color_var_03.mat using Guid(73a5d575bec22f94e9b717c892ad44c5) Importer(815301076,1909f56bfc062723c751e8b465ee728b)  -> (artifact id: '201aff9e4d242ff2de541c27eb941e3c') in 0.533611 seconds
Number of updated asset objects reloaded before import = 0
Number of asset objects unloaded after import = 6
========================================================================
Received Import Request.
  Time since last request: 0.000030 seconds.
  path: Assets/Models/Afghanistan/Origin/Models/Materials/Wall5.mat
  artifactKey: Guid(5f4fb7ddff2efde48b9929ed1e9d3b07) Importer(815301076,1909f56bfc062723c751e8b465ee728b)
Start importing Assets/Models/Afghanistan/Origin/Models/Materials/Wall5.mat using Guid(5f4fb7ddff2efde48b9929ed1e9d3b07) Importer(815301076,1909f56bfc062723c751e8b465ee728b)  -> (artifact id: 'ef9ba346d9c3c6c006448120b09fe24c') in 0.008844 seconds
Number of updated asset objects reloaded before import = 0
Number of asset objects unloaded after import = 1
========================================================================
Received Import Request.
  Time since last request: 0.000087 seconds.
  path: Assets/Models/Afghanistan/Origin/Models/Materials/Well.mat
  artifactKey: Guid(c6089c0841f73b94e8b978e7e4cdffd4) Importer(815301076,1909f56bfc062723c751e8b465ee728b)
Start importing Assets/Models/Afghanistan/Origin/Models/Materials/Well.mat using Guid(c6089c0841f73b94e8b978e7e4cdffd4) Importer(815301076,1909f56bfc062723c751e8b465ee728b)  -> (artifact id: 'be7dd493240621adf3c4e13e7f700655') in 0.050823 seconds
Number of updated asset objects reloaded before import = 0
Number of asset objects unloaded after import = 2
========================================================================
Received Import Request.
  Time since last request: 0.000016 seconds.
  path: Assets/Hands/VR Hands FP Arms/Materials/Normal/vr_female_hand_color_var_02.mat
  artifactKey: Guid(90d71b3f9ce363a4aac55a5adfd77125) Importer(815301076,1909f56bfc062723c751e8b465ee728b)
Start importing Assets/Hands/VR Hands FP Arms/Materials/Normal/vr_female_hand_color_var_02.mat using Guid(90d71b3f9ce363a4aac55a5adfd77125) Importer(815301076,1909f56bfc062723c751e8b465ee728b)  -> (artifact id: 'dff7e16452e8fbc9736880ac96db6f91') in 0.466881 seconds
Number of updated asset objects reloaded before import = 0
Number of asset objects unloaded after import = 6
========================================================================
Received Import Request.
  Time since last request: 0.000023 seconds.
  path: Assets/Hands/VR Hands FP Arms/Materials/Dynamic/vr_female_hand_color_var_02_blood.mat
  artifactKey: Guid(f68a1d7f7ed9a874e97a35fb14aba8ca) Importer(815301076,1909f56bfc062723c751e8b465ee728b)
Start importing Assets/Hands/VR Hands FP Arms/Materials/Dynamic/vr_female_hand_color_var_02_blood.mat using Guid(f68a1d7f7ed9a874e97a35fb14aba8ca) Importer(815301076,1909f56bfc062723c751e8b465ee728b)  -> (artifact id: '98db09844fd8a835b37ff408e8bd765e') in 0.382386 seconds
Number of updated asset objects reloaded before import = 0
Number of asset objects unloaded after import = 7
========================================================================
Received Import Request.
  Time since last request: 0.000030 seconds.
  path: Assets/Models/Afghanistan/Origin/Models/Materials/wood_planks.mat
  artifactKey: Guid(df1f1f418714e2d468af594c7a8475e8) Importer(815301076,1909f56bfc062723c751e8b465ee728b)
Start importing Assets/Models/Afghanistan/Origin/Models/Materials/wood_planks.mat using Guid(df1f1f418714e2d468af594c7a8475e8) Importer(815301076,1909f56bfc062723c751e8b465ee728b)  -> (artifact id: '4d4e02c39562bc17855f9589fdb080f3') in 0.025944 seconds
Number of updated asset objects reloaded before import = 0
Number of asset objects unloaded after import = 2
========================================================================
Received Import Request.
  Time since last request: 0.000021 seconds.
  path: Assets/Models/Afghanistan/Origin/Models/Materials/Wall3.mat
  artifactKey: Guid(0aa48937f6cf314488679e8d64714749) Importer(815301076,1909f56bfc062723c751e8b465ee728b)
Start importing Assets/Models/Afghanistan/Origin/Models/Materials/Wall3.mat using Guid(0aa48937f6cf314488679e8d64714749) Importer(815301076,1909f56bfc062723c751e8b465ee728b)  -> (artifact id: 'caff2c6e39fb3c2f4eab09c725da0a1b') in 0.022884 seconds
Number of updated asset objects reloaded before import = 0
Number of asset objects unloaded after import = 2
========================================================================
Received Import Request.
  Time since last request: 0.011522 seconds.
  path: Assets/Models/Afghanistan/Origin/Models/Materials/Wall3_debris.mat
  artifactKey: Guid(7b3c97138a2fd7b4aa9a63777d9760b7) Importer(815301076,1909f56bfc062723c751e8b465ee728b)
Start importing Assets/Models/Afghanistan/Origin/Models/Materials/Wall3_debris.mat using Guid(7b3c97138a2fd7b4aa9a63777d9760b7) Importer(815301076,1909f56bfc062723c751e8b465ee728b)  -> (artifact id: 'd46bf49496627015d2b3374c18d6767e') in 0.015832 seconds
Number of updated asset objects reloaded before import = 0
Number of asset objects unloaded after import = 2
========================================================================
Received Import Request.
  Time since last request: 0.000021 seconds.
  path: Assets/Models/Afghanistan/Origin/Models/Materials/Win.mat
  artifactKey: Guid(d4a705003858f0b47b0790053a32638c) Importer(815301076,1909f56bfc062723c751e8b465ee728b)
Start importing Assets/Models/Afghanistan/Origin/Models/Materials/Win.mat using Guid(d4a705003858f0b47b0790053a32638c) Importer(815301076,1909f56bfc062723c751e8b465ee728b)  -> (artifact id: '0614eaca55beb3a676f2afa0cc6fe5a1') in 0.006802 seconds
Number of updated asset objects reloaded before import = 0
Number of asset objects unloaded after import = 1
========================================================================
Received Import Request.
  Time since last request: 0.000043 seconds.
  path: Assets/Models/Afghanistan/Origin/Models/Materials/Wall4.mat
  artifactKey: Guid(3b50b67447e9b4e42ac507a716bf6209) Importer(815301076,1909f56bfc062723c751e8b465ee728b)
Start importing Assets/Models/Afghanistan/Origin/Models/Materials/Wall4.mat using Guid(3b50b67447e9b4e42ac507a716bf6209) Importer(815301076,1909f56bfc062723c751e8b465ee728b)  -> (artifact id: '37ddc3351782e9c48987c06fb3345d55') in 0.032384 seconds
Number of updated asset objects reloaded before import = 0
Number of asset objects unloaded after import = 2
========================================================================
Received Import Request.
  Time since last request: 0.000019 seconds.
  path: Assets/Models/Afghanistan/Origin/Models/Materials/wood_planks3.mat
  artifactKey: Guid(a39dabf84d95a014ca4d9ea1e7397d02) Importer(815301076,1909f56bfc062723c751e8b465ee728b)
Start importing Assets/Models/Afghanistan/Origin/Models/Materials/wood_planks3.mat using Guid(a39dabf84d95a014ca4d9ea1e7397d02) Importer(815301076,1909f56bfc062723c751e8b465ee728b)  -> (artifact id: '6e17d736db67377dd4cef1decda93053') in 0.014463 seconds
Number of updated asset objects reloaded before import = 0
Number of asset objects unloaded after import = 2
========================================================================
Received Import Request.
  Time since last request: 0.000022 seconds.
  path: Assets/Models/Afghanistan/Origin/Models/Materials/Wall2.mat
  artifactKey: Guid(e1e5eee2a9ea5b94da5a4aa8f80a38b7) Importer(815301076,1909f56bfc062723c751e8b465ee728b)
Start importing Assets/Models/Afghanistan/Origin/Models/Materials/Wall2.mat using Guid(e1e5eee2a9ea5b94da5a4aa8f80a38b7) Importer(815301076,1909f56bfc062723c751e8b465ee728b)  -> (artifact id: '4aeb3e0d28a47eca923b8afeef59b4c1') in 0.030639 seconds
Number of updated asset objects reloaded before import = 0
Number of asset objects unloaded after import = 2
========================================================================
Received Import Request.
  Time since last request: 5.780489 seconds.
  path: Assets/Models/Afghanistan/Origin/Models/Materials/Rock1.mat
  artifactKey: Guid(7ad79ad6c9cf5a645ae57efd70d9bcd8) Importer(815301076,1909f56bfc062723c751e8b465ee728b)
Start importing Assets/Models/Afghanistan/Origin/Models/Materials/Rock1.mat using Guid(7ad79ad6c9cf5a645ae57efd70d9bcd8) Importer(815301076,1909f56bfc062723c751e8b465ee728b)  -> (artifact id: '6a872eaffe537cbc80a70e15776b6efa') in 0.022025 seconds
Number of updated asset objects reloaded before import = 0
Number of asset objects unloaded after import = 2
Editor requested this worker to shutdown with reason: Scaling down because of idle timeout
TcpMessagingSession - receive error: operation aborted. errorcode: 995, details: 由于线程退出或应用程序请求，已中止 I/O 操作。
AssetImportWorker is now disconnected from the server
Process exiting
Exiting without the bug reporter. Application will terminate with return code 0